2024-04-18 14:16:58,630 [localhost-startStop-1] INFO  org.restsql.internal- loaded 29 properties from /etc/opt/restsql/restsql.properties
2024-04-18 14:16:58,630 [localhost-startStop-1] INFO  org.restsql.internal- Properties loaded from /etc/opt/restsql/restsql.properties:
	log4j.configuration = resources/properties/default-log4j.properties
	org.restsql.security.Authorizer = org.restsql.security.impl.AuthorizerImpl
	org.restsql.core.RequestLogger = org.restsql.core.impl.RequestLoggerImpl
	sqlresources.dir = /etc/opt/restsql/sqlresources
	org.restsql.core.SequenceManager = org.restsql.core.impl.mysql.MySqlSequenceManager
	org.restsql.tools.ResourceDefinitionGenerator = org.restsql.tools.impl.mysql.MySqlResourceDefinitionGenerator
	database.driverClassName = com.mysql.jdbc.Driver
	logging.config = resources/properties/default-log4j.properties
	org.restsql.core.TableMetaData = org.restsql.core.impl.TableMetaDataImpl
	database.user = routeruser
	org.restsql.core.Factory.ResponseSerializerFactory = org.restsql.core.impl.serial.ResponseSerializerFactoryImpl
	org.restsql.core.SqlBuilder = org.restsql.core.impl.mysql.MySqlSqlBuilder
	database.password = 5Qu4l071grE
	org.restsql.core.Factory.ConnectionFactory = org.restsql.core.impl.ConnectionFactoryImpl
	org.restsql.core.ColumnMetaData = org.restsql.core.impl.mysql.MySqlColumnMetaData
	org.restsql.core.SqlResourceMetaData = org.restsql.core.impl.mysql.MySqlSqlResourceMetaData
	org.restsql.core.HttpRequestAttributes = org.restsql.core.impl.HttpRequestAttributesImpl
	logging.facility = log4j
	response.useXmlSchema = false
	org.restsql.core.Factory.RequestFactory = org.restsql.core.impl.RequestFactoryImpl
	org.restsql.service.monitoring.MonitoringManager = org.restsql.service.monitoring.MonitoringManagerImpl
	database.url = jdbc:mysql://mysql-server-instance:3306?characterEncoding=utf8&noDatetimeStringSync=true&zeroDateTimeBehavior=convertToNull
	http.response.cacheControl = no-cache, no-transform
	security.privileges = /etc/opt/restsql-security/privileges.properties
	logging.dir = /var/log/restsql
	org.restsql.core.Factory.SqlResourceFactory = org.restsql.core.impl.SqlResourceFactoryImpl
	request.useXmlSchema = false
	response.useXmlDirective = false
	org.restsql.core.Factory.RequestDeserializerFactory = org.restsql.core.impl.serial.RequestDeserializerFactoryImpl

2024-04-18 14:17:03,702 [localhost-startStop-1] ERROR org.restsql.internal- Database health check failure
com.mysql.jdbc.exceptions.jdbc4.CommunicationsException: Communications link failure

The last packet sent successfully to the server was 0 milliseconds ago. The driver has not received any packets from the server.
	at sun.reflect.NativeConstructorAccessorImpl.newInstance0(Native Method)
	at sun.reflect.NativeConstructorAccessorImpl.newInstance(NativeConstructorAccessorImpl.java:57)
	at sun.reflect.DelegatingConstructorAccessorImpl.newInstance(DelegatingConstructorAccessorImpl.java:45)
	at java.lang.reflect.Constructor.newInstance(Constructor.java:526)
	at com.mysql.jdbc.Util.handleNewInstance(Util.java:407)
	at com.mysql.jdbc.SQLError.createCommunicationsException(SQLError.java:1116)
	at com.mysql.jdbc.MysqlIO.<init>(MysqlIO.java:343)
	at com.mysql.jdbc.ConnectionImpl.coreConnect(ConnectionImpl.java:2334)
	at com.mysql.jdbc.ConnectionImpl.connectOneTryOnly(ConnectionImpl.java:2371)
	at com.mysql.jdbc.ConnectionImpl.createNewIO(ConnectionImpl.java:2163)
	at com.mysql.jdbc.ConnectionImpl.<init>(ConnectionImpl.java:794)
	at com.mysql.jdbc.JDBC4Connection.<init>(JDBC4Connection.java:47)
	at sun.reflect.NativeConstructorAccessorImpl.newInstance0(Native Method)
	at sun.reflect.NativeConstructorAccessorImpl.newInstance(NativeConstructorAccessorImpl.java:57)
	at sun.reflect.DelegatingConstructorAccessorImpl.newInstance(DelegatingConstructorAccessorImpl.java:45)
	at java.lang.reflect.Constructor.newInstance(Constructor.java:526)
	at com.mysql.jdbc.Util.handleNewInstance(Util.java:407)
	at com.mysql.jdbc.ConnectionImpl.getInstance(ConnectionImpl.java:378)
	at com.mysql.jdbc.NonRegisteringDriver.connect(NonRegisteringDriver.java:305)
	at org.restsql.core.impl.ConnectionFactoryImpl.getConnection(ConnectionFactoryImpl.java:45)
	at org.restsql.core.Factory.getConnection(Factory.java:35)
	at org.restsql.service.monitoring.DatabaseConnectionHealthCheck.check(DatabaseConnectionHealthCheck.java:23)
	at com.codahale.metrics.health.HealthCheck.execute(HealthCheck.java:172)
	at com.codahale.metrics.health.HealthCheckRegistry.runHealthCheck(HealthCheckRegistry.java:66)
	at org.restsql.service.monitoring.MonitoringManagerImpl.initHealthCheck(MonitoringManagerImpl.java:146)
	at org.restsql.service.monitoring.MonitoringManagerImpl.init(MonitoringManagerImpl.java:55)
	at org.restsql.service.LifecycleListener.contextInitialized(LifecycleListener.java:37)
	at org.apache.catalina.core.StandardContext.listenerStart(StandardContext.java:5157)
	at org.apache.catalina.core.StandardContext.startInternal(StandardContext.java:5680)
	at org.apache.catalina.util.LifecycleBase.start(LifecycleBase.java:145)
	at org.apache.catalina.core.ContainerBase.addChildInternal(ContainerBase.java:1018)
	at org.apache.catalina.core.ContainerBase.addChild(ContainerBase.java:994)
	at org.apache.catalina.core.StandardHost.addChild(StandardHost.java:652)
	at org.apache.catalina.startup.HostConfig.deployWAR(HostConfig.java:1127)
	at org.apache.catalina.startup.HostConfig$DeployWar.run(HostConfig.java:2021)
	at java.util.concurrent.Executors$RunnableAdapter.call(Executors.java:473)
	at java.util.concurrent.FutureTask.run(FutureTask.java:262)
	at java.util.concurrent.ThreadPoolExecutor.runWorker(ThreadPoolExecutor.java:1152)
	at java.util.concurrent.ThreadPoolExecutor$Worker.run(ThreadPoolExecutor.java:622)
	at java.lang.Thread.run(Thread.java:748)
Caused by: java.net.UnknownHostException: mysql-server-instance: Try again
	at java.net.Inet6AddressImpl.lookupAllHostAddr(Native Method)
	at java.net.InetAddress$1.lookupAllHostAddr(InetAddress.java:922)
	at java.net.InetAddress.getAddressesFromNameService(InetAddress.java:1316)
	at java.net.InetAddress.getAllByName0(InetAddress.java:1269)
	at java.net.InetAddress.getAllByName(InetAddress.java:1185)
	at java.net.InetAddress.getAllByName(InetAddress.java:1119)
	at com.mysql.jdbc.StandardSocketFactory.connect(StandardSocketFactory.java:244)
	at com.mysql.jdbc.MysqlIO.<init>(MysqlIO.java:292)
	... 33 more
2024-04-18 14:17:03,703 [localhost-startStop-1] ERROR org.restsql.internal- org.restsql.service.monitoring.MonitoringManagerImpl Initialized database connection health check and first check is unhealthy! See restsql internal log file for details.
2024-04-18 14:17:03,705 [localhost-startStop-1] INFO  org.restsql.internal- org.restsql.service.monitoring.MonitoringManagerImpl Initialized JMX reporter
