172.22.0.1 2024-04-30 15:31:59,976 GET /restsql/res/stratos.ordini?_output=application/json&_limit=10&_offset=0 403 3ms
   response:
---------------------
172.22.0.1 2024-04-30 15:33:36,130 GET /restsql/res/stratos.prodotti?_output=application/json&_limit=10&_offset=0 200 62ms
   sql:
SELECT codice, created_at, descrizione, id, nome, tipo_id, unita_misura_id, updated_at
 FROM prodotti ORDER BY prodotti.id LIMIT 10 OFFSET 0
   response:
{ "prodottis": [
		{ "codice": "PROTO_1", "created_at": "2024-03-12 09:07:02.0", "descrizione": "servizio di protocollazione sul posto/remoto", "id": 1, "nome": "Service Documentale", "tipo_id": 2, "unita_misura_id": 2, "updated_at": "2024-03-13 11:09:01.0" },
		{ "codice": "CED_1", "created_at": "2024-03-12 09:07:02.0", "descrizione": "servizio di cedolini sul posto/remoto", "id": 2, "nome": "Service Tributi", "tipo_id": 2, "unita_misura_id": 2, "updated_at": "2024-03-13 11:09:07.0" },
		{ "codice": "URBI_DEMO_LIC_1", "created_at": "2024-03-12 09:07:02.0", "descrizione": "licenza di urbi demografico", "id": 3, "nome": "urbi demografico", "tipo_id": 1, "unita_misura_id": 1, "updated_at": "2024-03-12 09:07:02.0" },
		{ "codice": "NOLE_1", "created_at": "2024-03-12 09:07:02.0", "id": 4, "nome": "noleggio postazioni per giorno", "tipo_id": 4, "unita_misura_id": 1, "updated_at": "2024-03-12 09:07:02.0" },
		{ "codice": "FORM_1", "created_at": "2024-03-12 09:07:02.0", "descrizione": "formazione sul posto/remoto", "id": 5, "nome": "Service Finanziaria", "tipo_id": 2, "unita_misura_id": 2, "updated_at": "2024-03-13 11:08:15.0" },
		{ "codice": "CANONE_MANUT_1", "created_at": "2024-03-12 09:07:02.0", "id": 6, "nome": "manutenzione annuale", "tipo_id": 3, "unita_misura_id": 1, "updated_at": "2024-03-12 09:07:02.0" },
		{ "codice": "DEV_1", "created_at": "2024-03-12 09:07:02.0", "descrizione": "il programmatore si reca sul posto per discutere le specifiche", "id": 7, "nome": "intervista analisti", "tipo_id": 2, "unita_misura_id": 2, "updated_at": "2024-03-12 09:07:02.0" },
		{ "codice": "PC", "created_at": "2024-03-13 11:10:10.0", "descrizione": "portatile", "id": 9, "nome": "Portatile ", "tipo_id": 5, "unita_misura_id": 1, "updated_at": "2024-03-13 11:10:38.0" },
		{ "codice": "STAMPANTE", "created_at": "2024-03-13 11:10:29.0", "descrizione": "stampante", "id": 10, "nome": "Stampante", "tipo_id": 5, "unita_misura_id": 1, "updated_at": "2024-03-13 11:10:45.0" },
		{ "codice": "STORNO", "created_at": "2024-03-28 15:18:27.0", "descrizione": "storno", "id": 12, "nome": "Storno", "tipo_id": 6, "unita_misura_id": 1, "updated_at": "2024-03-28 15:18:27.0" }
	]
}
---------------------
172.22.0.1 2024-04-30 15:33:40,227 GET /restsql/res/stratos.aziende?_limit=10&_offset=0 200 30ms
   sql:
SELECT codice, created_at, descrizione, id, nome, updated_at
 FROM aziende ORDER BY aziende.id LIMIT 10 OFFSET 0
   response:
<readResponse>
	<aziende codice="PADIAD" created_at="2024-03-12 09:07:02.0" descrizione="PA Digitale Adriatica S.r.l." id="1" nome="PADigitale" updated_at="2024-03-26 12:38:19.0" />
	<aziende codice="PACENT" created_at="2024-03-12 09:07:02.0" descrizione="Pa Centro S.r.l." id="2" nome="PACentro" updated_at="2024-03-12 09:07:02.0" />
</readResponse>
---------------------
